<?xml version="1.0" encoding="utf-8"?><testsuites name="pytest tests"><testsuite name="pytest" errors="0" failures="1" skipped="0" tests="18" time="1.379" timestamp="2026-01-20T12:00:22.277591+00:00" hostname="agent-env-217e0732-e95e-4f1e-a269-de14d62f7ca6"><testcase classname="tests.test_blockchain_analyzer.TestTokenUniverseAPI" name="test_get_token_stats" time="0.077" /><testcase classname="tests.test_blockchain_analyzer.TestTokenUniverseAPI" name="test_get_tokens_list" time="0.049" /><testcase classname="tests.test_blockchain_analyzer.TestTokenUniverseAPI" name="test_get_tokens_with_search" time="0.044" /><testcase classname="tests.test_blockchain_analyzer.TestTokenUniverseAPI" name="test_get_single_token" time="0.053" /><testcase classname="tests.test_blockchain_analyzer.TestTokenUniverseAPI" name="test_get_top_tokens" time="0.053" /><testcase classname="tests.test_blockchain_analyzer.TestRankingsAPI" name="test_get_buckets_summary" time="0.049" /><testcase classname="tests.test_blockchain_analyzer.TestRankingsAPI" name="test_get_dashboard_data" time="0.057" /><testcase classname="tests.test_blockchain_analyzer.TestRankingsAPI" name="test_get_bucket_tokens" time="0.176" /><testcase classname="tests.test_blockchain_analyzer.TestRankingsAPI" name="test_get_rankings_list" time="0.062" /><testcase classname="tests.test_blockchain_analyzer.TestRankingsAPI" name="test_get_top_movers" time="0.069" /><testcase classname="tests.test_blockchain_analyzer.TestRankingsAPI" name="test_compute_rankings" time="0.104"><failure message="AssertionError: assert 'processed' in {'buckets': {'BUY': 1, 'SELL': 21, 'WATCH': 19}, 'computed': 41, 'duration_ms': 28}">tests/test_blockchain_analyzer.py:217: in test_compute_rankings
    assert "processed" in result
E   AssertionError: assert 'processed' in {'buckets': {'BUY': 1, 'SELL': 21, 'WATCH': 19}, 'computed': 41, 'duration_ms': 28}</failure></testcase><testcase classname="tests.test_blockchain_analyzer.TestMLRuntimeAPI" name="test_get_ml_runtime_config" time="0.050" /><testcase classname="tests.test_blockchain_analyzer.TestMLRuntimeAPI" name="test_update_ml_mode_to_off" time="0.046" /><testcase classname="tests.test_blockchain_analyzer.TestMLRuntimeAPI" name="test_update_ml_mode_to_advisor" time="0.047" /><testcase classname="tests.test_blockchain_analyzer.TestMLRuntimeAPI" name="test_update_ml_mode_to_assist" time="0.041" /><testcase classname="tests.test_blockchain_analyzer.TestMLRuntimeAPI" name="test_invalid_ml_mode" time="0.056" /><testcase classname="tests.test_blockchain_analyzer.TestMLRuntimeAPI" name="test_restore_ml_mode_to_advisor" time="0.043" /><testcase classname="tests.test_blockchain_analyzer.TestHealthEndpoints" name="test_health_endpoint" time="0.042" /></testsuite></testsuites>