<?xml version="1.0" encoding="utf-8"?><testsuites name="pytest tests"><testsuite name="pytest" errors="0" failures="0" skipped="0" tests="32" time="3.722" timestamp="2026-01-20T12:47:30.549386+00:00" hostname="agent-env-217e0732-e95e-4f1e-a269-de14d62f7ca6"><testcase classname="tests.test_blockchain_analyzer.TestTokenUniverseAPI" name="test_get_token_stats" time="0.105" /><testcase classname="tests.test_blockchain_analyzer.TestTokenUniverseAPI" name="test_get_tokens_list" time="0.074" /><testcase classname="tests.test_blockchain_analyzer.TestTokenUniverseAPI" name="test_get_tokens_with_search" time="0.062" /><testcase classname="tests.test_blockchain_analyzer.TestTokenUniverseAPI" name="test_get_single_token" time="0.070" /><testcase classname="tests.test_blockchain_analyzer.TestTokenUniverseAPI" name="test_get_top_tokens" time="0.061" /><testcase classname="tests.test_blockchain_analyzer.TestRankingsAPI" name="test_get_buckets_summary" time="0.089" /><testcase classname="tests.test_blockchain_analyzer.TestRankingsAPI" name="test_get_dashboard_data" time="0.109" /><testcase classname="tests.test_blockchain_analyzer.TestRankingsAPI" name="test_get_bucket_tokens" time="0.243" /><testcase classname="tests.test_blockchain_analyzer.TestRankingsAPI" name="test_get_rankings_list" time="0.105" /><testcase classname="tests.test_blockchain_analyzer.TestRankingsAPI" name="test_get_top_movers" time="0.097" /><testcase classname="tests.test_blockchain_analyzer.TestRankingsAPI" name="test_compute_rankings" time="0.098" /><testcase classname="tests.test_blockchain_analyzer.TestMLRuntimeAPI" name="test_get_ml_runtime_config" time="0.092" /><testcase classname="tests.test_blockchain_analyzer.TestMLRuntimeAPI" name="test_update_ml_mode_to_off" time="0.091" /><testcase classname="tests.test_blockchain_analyzer.TestMLRuntimeAPI" name="test_update_ml_mode_to_advisor" time="0.081" /><testcase classname="tests.test_blockchain_analyzer.TestMLRuntimeAPI" name="test_update_ml_mode_to_assist" time="0.088" /><testcase classname="tests.test_blockchain_analyzer.TestMLRuntimeAPI" name="test_invalid_ml_mode" time="0.129" /><testcase classname="tests.test_blockchain_analyzer.TestMLRuntimeAPI" name="test_restore_ml_mode_to_advisor" time="0.115" /><testcase classname="tests.test_blockchain_analyzer.TestHealthEndpoints" name="test_health_endpoint" time="0.110" /><testcase classname="tests.test_token_runner.TestTokenRunnerStats" name="test_get_analysis_stats" time="0.094" /><testcase classname="tests.test_token_runner.TestTokenRunnerAnalyses" name="test_get_all_analyses" time="0.107" /><testcase classname="tests.test_token_runner.TestTokenRunnerAnalyses" name="test_get_analyses_with_status_filter" time="0.100" /><testcase classname="tests.test_token_runner.TestTokenRunnerAnalyses" name="test_get_analyses_with_label_filter" time="0.104" /><testcase classname="tests.test_token_runner.TestTokenRunnerSingleAnalysis" name="test_get_single_token_analysis" time="0.192" /><testcase classname="tests.test_token_runner.TestTokenRunnerSingleAnalysis" name="test_get_nonexistent_token_analysis" time="0.060" /><testcase classname="tests.test_token_runner.TestTokenRunnerTop" name="test_get_top_by_engine_score" time="0.089" /><testcase classname="tests.test_token_runner.TestTokenRunnerRun" name="test_run_token_runner_batch" time="0.198" /><testcase classname="tests.test_token_runner.TestRankingV2Integration" name="test_compute_rankings_with_engine_data" time="0.090" /><testcase classname="tests.test_token_runner.TestRankingV2Integration" name="test_buckets_summary_with_engine_data" time="0.070" /><testcase classname="tests.test_token_runner.TestRankingV2Integration" name="test_dashboard_tokens_have_engine_confidence" time="0.098" /><testcase classname="tests.test_token_runner.TestIntegrationFlow" name="test_full_flow_runner_then_rankings" time="0.345" /><testcase classname="tests.test_token_runner.TestEngineScoreValidation" name="test_engine_scores_in_valid_range" time="0.095" /><testcase classname="tests.test_token_runner.TestEngineScoreValidation" name="test_engine_labels_are_valid" time="0.087" /></testsuite></testsuites>